<?xml version="1.0" encoding="UTF-8"?>
<!-- Generated by org.testng.reporters.JUnitReportReporter -->
<testsuite hostname="HAXA001" failures="0" tests="3" name="com.runners.ForgotPasswordTestRunner" time="13.016" errors="0" timestamp="2025-03-18T15:25:48 IST" skipped="0">
  <testcase classname="com.runners.ForgotPasswordTestRunner" name="runScenario" time="4.371"/>
  <system-out/>
  <testcase classname="com.runners.ForgotPasswordTestRunner" name="runScenario" time="4.051"/>
  <system-out/>
  <testcase classname="com.runners.ForgotPasswordTestRunner" name="runScenario" time="4.594"/>
  <system-out/>
</testsuite> <!-- com.runners.ForgotPasswordTestRunner -->
