<?xml version="1.0" encoding="UTF-8"?>
<!-- Generated by org.testng.reporters.JUnitReportReporter -->
<testsuite hostname="HAXA001" failures="0" tests="2" name="com.runners.SearchFilterTestRunner" time="11.322" errors="0" timestamp="2025-03-18T15:25:48 IST" skipped="0">
  <testcase classname="com.runners.SearchFilterTestRunner" name="runScenario" time="5.786"/>
  <system-out/>
  <testcase classname="com.runners.SearchFilterTestRunner" name="runScenario" time="5.536"/>
  <system-out/>
</testsuite> <!-- com.runners.SearchFilterTestRunner -->
