<?xml version="1.0" encoding="UTF-8"?>
<!-- Generated by org.testng.reporters.JUnitReportReporter -->
<testsuite hostname="HAXA001" failures="0" tests="1" name="com.runners.ShoppingCartTestRunner" time="10.521" errors="0" timestamp="2025-03-18T15:25:48 IST" skipped="0">
  <testcase classname="com.runners.ShoppingCartTestRunner" name="runScenario" time="10.521"/>
  <system-out/>
</testsuite> <!-- com.runners.ShoppingCartTestRunner -->
