<?xml version="1.0" encoding="UTF-8"?>
<!-- Generated by org.testng.reporters.JUnitReportReporter -->
<testsuite hostname="HAXA001" failures="0" tests="2" name="com.runners.ProductDetailsTestRunner" time="9.186" errors="0" timestamp="2025-03-18T15:25:48 IST" skipped="0">
  <testcase classname="com.runners.ProductDetailsTestRunner" name="runScenario" time="4.458"/>
  <system-out/>
  <testcase classname="com.runners.ProductDetailsTestRunner" name="runScenario" time="4.728"/>
  <system-out/>
</testsuite> <!-- com.runners.ProductDetailsTestRunner -->
