<?xml version="1.0" encoding="UTF-8"?>
<!-- Generated by org.testng.reporters.JUnitReportReporter -->
<testsuite hostname="HAXA001" failures="0" tests="3" name="com.runners.RegistrationTestRunner" time="12.365" errors="0" timestamp="2025-03-18T15:25:48 IST" skipped="0">
  <testcase classname="com.runners.RegistrationTestRunner" name="runScenario" time="3.428"/>
  <system-out/>
  <testcase classname="com.runners.RegistrationTestRunner" name="runScenario" time="4.588"/>
  <system-out/>
  <testcase classname="com.runners.RegistrationTestRunner" name="runScenario" time="4.349"/>
  <system-out/>
</testsuite> <!-- com.runners.RegistrationTestRunner -->
