<?xml version="1.0" encoding="UTF-8"?>
<!-- Generated by org.testng.reporters.JUnitReportReporter -->
<testsuite hostname="HAXA001" failures="0" tests="2" name="com.runners.LoginTestRunner" time="8.966" errors="0" timestamp="2025-03-18T15:25:48 IST" skipped="0">
  <testcase classname="com.runners.LoginTestRunner" name="runScenario" time="4.015"/>
  <system-out/>
  <testcase classname="com.runners.LoginTestRunner" name="runScenario" time="4.951"/>
  <system-out/>
</testsuite> <!-- com.runners.LoginTestRunner -->
