<?xml version="1.0" encoding="UTF-8"?>
<!-- Generated by org.testng.reporters.JUnitReportReporter -->
<testsuite hostname="HAXA001" failures="0" tests="1" name="com.runners.OrderPlacementTestRunner" time="19.278" errors="0" timestamp="2025-03-18T15:25:48 IST" skipped="0">
  <testcase classname="com.runners.OrderPlacementTestRunner" name="runScenario" time="19.278"/>
  <system-out/>
</testsuite> <!-- com.runners.OrderPlacementTestRunner -->
