<?xml version="1.0" encoding="UTF-8"?>
<!-- Generated by org.testng.reporters.JUnitReportReporter -->
<testsuite hostname="HAXA001" failures="0" tests="1" name="com.runners.AdvancedSearchTestRunner" time="6.076" errors="0" timestamp="2025-03-18T15:25:48 IST" skipped="0">
  <testcase classname="com.runners.AdvancedSearchTestRunner" name="runScenario" time="6.076"/>
  <system-out/>
</testsuite> <!-- com.runners.AdvancedSearchTestRunner -->
